1661203251425	geckodriver	INFO	Listening on 127.0.0.1:34739
1661203251432	mozrunner::runner	INFO	Running command: "/usr/bin/firefox" "--marionette" "--remote-debugging-port" "39935" "--remote-allow-hosts" "localhost" "-no-remote" "-profile" "/tmp/rust_mozprofilel2isOO"
[GFX1-]: glxtest: VA-API test failed: failed to initialise VAAPI connection.
ATTENTION: default value of option mesa_glthread overridden by environment.
ATTENTION: default value of option mesa_glthread overridden by environment.
ATTENTION: default value of option mesa_glthread overridden by environment.
ATTENTION: default value of option mesa_glthread overridden by environment.
1661203252019	Marionette	INFO	Marionette enabled
1661203252022	Marionette	INFO	Listening on port 37563
WebDriver BiDi listening on ws://localhost:39935
Read port: 37563
1661203252119	RemoteAgent	WARN	TLS certificate errors will be ignored for this session
console.warn: SearchSettings: "get: No settings file exists, new profile?" (new NotFoundError("Could not open the file at /tmp/rust_mozprofilel2isOO/search.json.mozlz4", (void 0)))
Missing chrome or resource URL: resource://gre/modules/UpdateListener.jsm
Missing chrome or resource URL: resource://gre/modules/UpdateListener.sys.mjs
DevTools listening on ws://localhost:39935/devtools/browser/5ddbe6fa-42e6-4e21-8e68-8ffd3c82dcf9
console.warn: LoginRecipes: "getRecipes: falling back to a synchronous message for:" "https://suite.auterion.com"
console.warn: LoginRecipes: "getRecipes: falling back to a synchronous message for:" "https://suite.auterion.com"
JavaScript error: resource://gre/modules/LoginManagerParent.jsm, line 136: TypeError: gRecipeManager is null
Exiting due to channel error.
Exiting due to channel error.
Exiting due to channel error.
